[0.010s] Invoking command in '/home/lzy/ros2_study/balance_car_ws/build/lqr_controller': AMENT_PREFIX_PATH=/home/lzy/ros2_study/balance_car_ws/install/robot_state_pub_interface:${AMENT_PREFIX_PATH} CMAKE_PREFIX_PATH=/home/lzy/ros2_study/balance_car_ws/install/robot_state_pub_interface:/opt/ros/humble LD_LIBRARY_PATH=/home/lzy/ros2_study/balance_car_ws/install/robot_state_pub_interface/lib:${LD_LIBRARY_PATH} PYTHONPATH=/home/lzy/ros2_study/balance_car_ws/install/robot_state_pub_interface/local/lib/python3.10/dist-packages:${PYTHONPATH} /usr/bin/cmake --build /home/lzy/ros2_study/balance_car_ws/build/lqr_controller -- -j8 -l8
[0.056s] [ 50%] Built target lqr_controller_parameters
[0.068s] [35m[1mConsolidate compiler generated dependencies of target lqr_controller[0m
[0.085s] [ 75%] [32mBuilding CXX object CMakeFiles/lqr_controller.dir/src/lqr_controller.cpp.o[0m
[2.475s] In file included from [01m[K/home/lzy/ros2_study/balance_car_ws/src/lqr_controller/include/lqr_controller/lqr_controller.hpp:28[m[K,
[2.475s]                  from [01m[K/home/lzy/ros2_study/balance_car_ws/src/lqr_controller/src/lqr_controller.cpp:20[m[K:
[2.475s] [01m[K/home/lzy/ros2_study/balance_car_ws/build/lqr_controller/include/lqr_controller_parameters.hpp:1:145:[m[K [01;36m[Knote: [m[Kâ€˜[01m[K#pragma message: #include "lqr_controller_parameters.hpp" is deprecated. Use #include <lqr_controller/lqr_controller_parameters.hpp> instead.[m[Kâ€™
[2.475s]     1 | #pragma message("#include \"lqr_controller_parameters.hpp\" is deprecated. Use #include <lqr_controller/lqr_controller_parameters.hpp> instead."[01;36m[K)[m[K
[2.475s]       |                                                                                                                                                 [01;36m[K^[m[K
[2.546s] In file included from [01m[K/home/lzy/ros2_study/balance_car_ws/build/lqr_controller/include/lqr_controller_parameters.hpp:31[m[K,
[2.547s]                  from [01m[K/home/lzy/ros2_study/balance_car_ws/src/lqr_controller/include/lqr_controller/lqr_controller.hpp:28[m[K,
[2.547s]                  from [01m[K/home/lzy/ros2_study/balance_car_ws/src/lqr_controller/src/lqr_controller.cpp:20[m[K:
[2.547s] [01m[K/home/lzy/ros2_study/balance_car_ws/build/lqr_controller/include/validate_lqr_controller_parameters.hpp:29:75:[m[K [01;35m[Kwarning: [m[Kâ€˜[01m[Kusing Result = class tl::expected<void, std::__cxx11::basic_string<char> >[m[Kâ€™ is deprecated: Use tl::expected<void, std::string> for return instead. `#include <tl_expected/expected.hpp>`. [[01;35m[K]8;;https://gcc.gnu.org/onlinedocs/gcc/Warning-Options.html#index-Wdeprecated-declarations-Wdeprecated-declarations]8;;[m[K]
[2.547s]    29 | Result forbidden_interface_name_prefix(rclcpp::Parameter const & parameter[01;35m[K)[m[K
[2.547s]       |                                                                           [01;35m[K^[m[K
[2.547s] In file included from [01m[K/home/lzy/ros2_study/balance_car_ws/build/lqr_controller/include/lqr_controller_parameters.hpp:25[m[K,
[2.547s]                  from [01m[K/home/lzy/ros2_study/balance_car_ws/src/lqr_controller/include/lqr_controller/lqr_controller.hpp:28[m[K,
[2.547s]                  from [01m[K/home/lzy/ros2_study/balance_car_ws/src/lqr_controller/src/lqr_controller.cpp:20[m[K:
[2.547s] [01m[K/opt/ros/humble/include/parameter_traits/parameter_traits/parameter_traits.hpp:37:7:[m[K [01;36m[Knote: [m[Kdeclared here
[2.547s]    37 | using [01;36m[KResult[m[K
[2.547s]       |       [01;36m[K^~~~~~[m[K
[2.548s] In file included from [01m[K/home/lzy/ros2_study/balance_car_ws/build/lqr_controller/include/lqr_controller_parameters.hpp:31[m[K,
[2.548s]                  from [01m[K/home/lzy/ros2_study/balance_car_ws/src/lqr_controller/include/lqr_controller/lqr_controller.hpp:28[m[K,
[2.548s]                  from [01m[K/home/lzy/ros2_study/balance_car_ws/src/lqr_controller/src/lqr_controller.cpp:20[m[K:
[2.548s] [01m[K/home/lzy/ros2_study/balance_car_ws/build/lqr_controller/include/validate_lqr_controller_parameters.hpp:[m[K In function â€˜[01m[Kparameter_traits::Result parameter_traits::forbidden_interface_name_prefix(const rclcpp::Parameter&)[m[Kâ€™:
[2.548s] [01m[K/home/lzy/ros2_study/balance_car_ws/build/lqr_controller/include/validate_lqr_controller_parameters.hpp:35:17:[m[K [01;35m[Kwarning: [m[Kâ€˜[01m[Ktl::expected<void, std::__cxx11::basic_string<char> > parameter_traits::ERROR(const string&, Args ...) [with Args = {}; std::string = std::__cxx11::basic_string<char>][m[Kâ€™ is deprecated: When returning tl::expected<void, std::string> you can call fmt::format directly. [[01;35m[K]8;;https://gcc.gnu.org/onlinedocs/gcc/Warning-Options.html#index-Wdeprecated-declarations-Wdeprecated-declarations]8;;[m[K]
[2.548s]    35 |     return [01;35m[KERROR("'interface_name' parameter can not start with 'blup_'")[m[K;
[2.548s]       |            [01;35m[K~~~~~^~~~~~~~~~~~~~~~~~~~~~~~~~~~~~~~~~~~~~~~~~~~~~~~~~~~~~~~~[m[K
[2.548s] In file included from [01m[K/home/lzy/ros2_study/balance_car_ws/build/lqr_controller/include/lqr_controller_parameters.hpp:25[m[K,
[2.548s]                  from [01m[K/home/lzy/ros2_study/balance_car_ws/src/lqr_controller/include/lqr_controller/lqr_controller.hpp:28[m[K,
[2.548s]                  from [01m[K/home/lzy/ros2_study/balance_car_ws/src/lqr_controller/src/lqr_controller.cpp:20[m[K:
[2.548s] [01m[K/opt/ros/humble/include/parameter_traits/parameter_traits/parameter_traits.hpp:46:1:[m[K [01;36m[Knote: [m[Kdeclared here
[2.548s]    46 | [01;36m[KERROR[m[K(const std::string& format, Args... args)
[2.549s]       | [01;36m[K^~~~~[m[K
[2.549s] In file included from [01m[K/home/lzy/ros2_study/balance_car_ws/build/lqr_controller/include/lqr_controller_parameters.hpp:31[m[K,
[2.549s]                  from [01m[K/home/lzy/ros2_study/balance_car_ws/src/lqr_controller/include/lqr_controller/lqr_controller.hpp:28[m[K,
[2.549s]                  from [01m[K/home/lzy/ros2_study/balance_car_ws/src/lqr_controller/src/lqr_controller.cpp:20[m[K:
[2.549s] [01m[K/home/lzy/ros2_study/balance_car_ws/build/lqr_controller/include/validate_lqr_controller_parameters.hpp:38:10:[m[K [01;35m[Kwarning: [m[Kâ€˜[01m[Kparameter_traits::OK[m[Kâ€™ is deprecated: When returning tl::expected<void, std::string> default construct for OK with `{}`. [[01;35m[K]8;;https://gcc.gnu.org/onlinedocs/gcc/Warning-Options.html#index-Wdeprecated-declarations-Wdeprecated-declarations]8;;[m[K]
[2.549s]    38 |   return [01;35m[KOK[m[K;
[2.549s]       |          [01;35m[K^~[m[K
[2.549s] In file included from [01m[K/home/lzy/ros2_study/balance_car_ws/build/lqr_controller/include/lqr_controller_parameters.hpp:25[m[K,
[2.549s]                  from [01m[K/home/lzy/ros2_study/balance_car_ws/src/lqr_controller/include/lqr_controller/lqr_controller.hpp:28[m[K,
[2.549s]                  from [01m[K/home/lzy/ros2_study/balance_car_ws/src/lqr_controller/src/lqr_controller.cpp:20[m[K:
[2.549s] [01m[K/opt/ros/humble/include/parameter_traits/parameter_traits/parameter_traits.hpp:51:13:[m[K [01;36m[Knote: [m[Kdeclared here
[2.549s]    51 | auto static [01;36m[KOK[m[K
[2.549s]       |             [01;36m[K^~[m[K
[2.568s] In file included from [01m[K/home/lzy/ros2_study/balance_car_ws/src/lqr_controller/include/lqr_controller/lqr_controller.hpp:32[m[K,
[2.568s]                  from [01m[K/home/lzy/ros2_study/balance_car_ws/src/lqr_controller/src/lqr_controller.cpp:20[m[K:
[2.568s] [01m[K/opt/ros/humble/include/realtime_tools/realtime_tools/realtime_buffer.h:[m[K At global scope:
[2.568s] [01m[K/opt/ros/humble/include/realtime_tools/realtime_tools/realtime_buffer.h:22:100:[m[K [01;36m[Knote: [m[Kâ€˜[01m[K#pragma message: This header include is deprecated. Please update your code to use 'realtime_buffer.hpp' header.[m[Kâ€™
[2.568s]    22 |   "This header include is deprecated. Please update your code to use 'realtime_buffer.hpp' header."[01;36m[K)[m[K  //NOLINT
[2.568s]       |                                                                                                    [01;36m[K^[m[K
[2.569s] In file included from [01m[K/home/lzy/ros2_study/balance_car_ws/src/lqr_controller/include/lqr_controller/lqr_controller.hpp:33[m[K,
[2.570s]                  from [01m[K/home/lzy/ros2_study/balance_car_ws/src/lqr_controller/src/lqr_controller.cpp:20[m[K:
[2.570s] [01m[K/opt/ros/humble/include/realtime_tools/realtime_tools/realtime_publisher.h:22:103:[m[K [01;36m[Knote: [m[Kâ€˜[01m[K#pragma message: This header include is deprecated. Please update your code to use 'realtime_publisher.hpp' header.[m[Kâ€™
[2.570s]    22 |   "This header include is deprecated. Please update your code to use 'realtime_publisher.hpp' header."[01;36m[K)[m[K  //NOLINT
[2.570s]       |                                                                                                       [01;36m[K^[m[K
[2.868s] [01m[K/home/lzy/ros2_study/balance_car_ws/src/lqr_controller/src/lqr_controller.cpp:[m[K In member function â€˜[01m[Kvirtual controller_interface::return_type lqr_controller::LqrController::update(const rclcpp::Time&, const rclcpp::Duration&)[m[Kâ€™:
[2.868s] [01m[K/home/lzy/ros2_study/balance_car_ws/src/lqr_controller/src/lqr_controller.cpp:323:64:[m[K [01;31m[Kerror: [m[Kâ€˜[01m[Kstruct lqr_controller::RobotState[m[Kâ€™ has no member named â€˜[01m[Kleft_wheel_effort_[m[Kâ€™; did you mean â€˜[01m[Kleft_wheel_effort[m[Kâ€™?
[2.868s]   323 |     state_publisher_->msg_.set_effort.emplace_back(robotstate_.[01;31m[Kleft_wheel_effort_[m[K);
[2.868s]       |                                                                [01;31m[K^~~~~~~~~~~~~~~~~~[m[K
[2.868s]       |                                                                [32m[Kleft_wheel_effort[m[K
[2.868s] [01m[K/home/lzy/ros2_study/balance_car_ws/src/lqr_controller/src/lqr_controller.cpp:324:64:[m[K [01;31m[Kerror: [m[Kâ€˜[01m[Kstruct lqr_controller::RobotState[m[Kâ€™ has no member named â€˜[01m[Kright_wheel_effort_[m[Kâ€™; did you mean â€˜[01m[Kright_wheel_effort[m[Kâ€™?
[2.868s]   324 |     state_publisher_->msg_.set_effort.emplace_back(robotstate_.[01;31m[Kright_wheel_effort_[m[K);
[2.868s]       |                                                                [01;31m[K^~~~~~~~~~~~~~~~~~~[m[K
[2.869s]       |                                                                [32m[Kright_wheel_effort[m[K
[2.869s] [01m[K/home/lzy/ros2_study/balance_car_ws/src/lqr_controller/src/lqr_controller.cpp:278:8:[m[K [01;35m[Kwarning: [m[Kunused variable â€˜[01m[Kcurrent_ref[m[Kâ€™ [[01;35m[K]8;;https://gcc.gnu.org/onlinedocs/gcc/Warning-Options.html#index-Wunused-variable-Wunused-variable]8;;[m[K]
[2.869s]   278 |   auto [01;35m[Kcurrent_ref[m[K = input_ref_.readFromRT();
[2.869s]       |        [01;35m[K^~~~~~~~~~~[m[K
[2.869s] [01m[K/home/lzy/ros2_study/balance_car_ws/src/lqr_controller/src/lqr_controller.cpp:276:24:[m[K [01;35m[Kwarning: [m[Kunused parameter â€˜[01m[Ktime[m[Kâ€™ [[01;35m[K]8;;https://gcc.gnu.org/onlinedocs/gcc/Warning-Options.html#index-Wunused-parameter-Wunused-parameter]8;;[m[K]
[2.869s]   276 |   [01;35m[Kconst rclcpp::Time & time[m[K, const rclcpp::Duration & /*period*/)
[2.869s]       |   [01;35m[K~~~~~~~~~~~~~~~~~~~~~^~~~[m[K
[9.381s] gmake[2]: *** [CMakeFiles/lqr_controller.dir/build.make:76ï¼šCMakeFiles/lqr_controller.dir/src/lqr_controller.cpp.o] é”™è¯¯ 1
[9.382s] gmake[1]: *** [CMakeFiles/Makefile2:165ï¼šCMakeFiles/lqr_controller.dir/all] é”™è¯¯ 2
[9.382s] gmake: *** [Makefile:146ï¼šall] é”™è¯¯ 2
[9.385s] Invoked command in '/home/lzy/ros2_study/balance_car_ws/build/lqr_controller' returned '2': AMENT_PREFIX_PATH=/home/lzy/ros2_study/balance_car_ws/install/robot_state_pub_interface:${AMENT_PREFIX_PATH} CMAKE_PREFIX_PATH=/home/lzy/ros2_study/balance_car_ws/install/robot_state_pub_interface:/opt/ros/humble LD_LIBRARY_PATH=/home/lzy/ros2_study/balance_car_ws/install/robot_state_pub_interface/lib:${LD_LIBRARY_PATH} PYTHONPATH=/home/lzy/ros2_study/balance_car_ws/install/robot_state_pub_interface/local/lib/python3.10/dist-packages:${PYTHONPATH} /usr/bin/cmake --build /home/lzy/ros2_study/balance_car_ws/build/lqr_controller -- -j8 -l8
