[0.013s] Invoking command in '/home/lzy/ros2/ros2_study/build/lqr_controller': AMENT_PREFIX_PATH=/home/lzy/ros2/ros2_study/install/robot_state_pub_interface:${AMENT_PREFIX_PATH} CMAKE_PREFIX_PATH=/home/lzy/ros2/ros2_study/install/robot_state_pub_interface:/opt/ros/humble LD_LIBRARY_PATH=/home/lzy/ros2/ros2_study/install/robot_state_pub_interface/lib:${LD_LIBRARY_PATH} PYTHONPATH=/home/lzy/ros2/ros2_study/install/robot_state_pub_interface/local/lib/python3.10/dist-packages:${PYTHONPATH} /usr/bin/cmake --build /home/lzy/ros2/ros2_study/build/lqr_controller -- -j4 -l4
[0.066s] [ 50%] Built target lqr_controller_parameters
[0.078s] [35m[1mConsolidate compiler generated dependencies of target lqr_controller[0m
[0.092s] [ 75%] [32mBuilding CXX object CMakeFiles/lqr_controller.dir/src/lqr_controller.cpp.o[0m
[1.932s] In file included from [01m[K/home/lzy/ros2/ros2_study/src/lqr_controller/include/lqr_controller/lqr_controller.hpp:28[m[K,
[1.932s]                  from [01m[K/home/lzy/ros2/ros2_study/src/lqr_controller/src/lqr_controller.cpp:20[m[K:
[1.932s] [01m[K/home/lzy/ros2/ros2_study/build/lqr_controller/include/lqr_controller_parameters.hpp:1:145:[m[K [01;36m[Knote: [m[Kâ€˜[01m[K#pragma message: #include "lqr_controller_parameters.hpp" is deprecated. Use #include <lqr_controller/lqr_controller_parameters.hpp> instead.[m[Kâ€™
[1.932s]     1 | a message("#include \"lqr_controller_parameters.hpp\" is deprecated. Use #include <lqr_controller/lqr_controller_parameters.hpp> instead."[01;36m[K)[m[K
[1.932s]       |                                                                                                                                           [01;36m[K^[m[K
[1.932s] 
[1.987s] In file included from [01m[K/home/lzy/ros2/ros2_study/build/lqr_controller/include/lqr_controller_parameters.hpp:31[m[K,
[1.987s]                  from [01m[K/home/lzy/ros2/ros2_study/src/lqr_controller/include/lqr_controller/lqr_controller.hpp:28[m[K,
[1.987s]                  from [01m[K/home/lzy/ros2/ros2_study/src/lqr_controller/src/lqr_controller.cpp:20[m[K:
[1.987s] [01m[K/home/lzy/ros2/ros2_study/build/lqr_controller/include/validate_lqr_controller_parameters.hpp:29:75:[m[K [01;35m[Kwarning: [m[Kâ€˜[01m[Kusing Result = class tl::expected<void, std::__cxx11::basic_string<char> >[m[Kâ€™ is deprecated: Use tl::expected<void, std::string> for return instead. `#include <tl_expected/expected.hpp>`. [[01;35m[K]8;;https://gcc.gnu.org/onlinedocs/gcc/Warning-Options.html#index-Wdeprecated-declarations-Wdeprecated-declarations]8;;[m[K]
[1.987s]    29 | Result forbidden_interface_name_prefix(rclcpp::Parameter const & parameter[01;35m[K)[m[K
[1.987s]       |                                                                           [01;35m[K^[m[K
[1.987s] In file included from [01m[K/home/lzy/ros2/ros2_study/build/lqr_controller/include/lqr_controller_parameters.hpp:25[m[K,
[1.988s]                  from [01m[K/home/lzy/ros2/ros2_study/src/lqr_controller/include/lqr_controller/lqr_controller.hpp:28[m[K,
[1.988s]                  from [01m[K/home/lzy/ros2/ros2_study/src/lqr_controller/src/lqr_controller.cpp:20[m[K:
[1.988s] [01m[K/opt/ros/humble/include/parameter_traits/parameter_traits/parameter_traits.hpp:37:7:[m[K [01;36m[Knote: [m[Kdeclared here
[1.988s]    37 | using [01;36m[KResult[m[K
[1.988s]       |       [01;36m[K^~~~~~[m[K
[1.988s] In file included from [01m[K/home/lzy/ros2/ros2_study/build/lqr_controller/include/lqr_controller_parameters.hpp:31[m[K,
[1.988s]                  from [01m[K/home/lzy/ros2/ros2_study/src/lqr_controller/include/lqr_controller/lqr_controller.hpp:28[m[K,
[1.988s]                  from [01m[K/home/lzy/ros2/ros2_study/src/lqr_controller/src/lqr_controller.cpp:20[m[K:
[1.988s] [01m[K/home/lzy/ros2/ros2_study/build/lqr_controller/include/validate_lqr_controller_parameters.hpp:[m[K In function â€˜[01m[Kparameter_traits::Result parameter_traits::forbidden_interface_name_prefix(const rclcpp::Parameter&)[m[Kâ€™:
[1.988s] [01m[K/home/lzy/ros2/ros2_study/build/lqr_controller/include/validate_lqr_controller_parameters.hpp:35:17:[m[K [01;35m[Kwarning: [m[Kâ€˜[01m[Ktl::expected<void, std::__cxx11::basic_string<char> > parameter_traits::ERROR(const string&, Args ...) [with Args = {}; std::string = std::__cxx11::basic_string<char>][m[Kâ€™ is deprecated: When returning tl::expected<void, std::string> you can call fmt::format directly. [[01;35m[K]8;;https://gcc.gnu.org/onlinedocs/gcc/Warning-Options.html#index-Wdeprecated-declarations-Wdeprecated-declarations]8;;[m[K]
[1.988s]    35 |     return [01;35m[KERROR("'interface_name' parameter can not start with 'blup_'")[m[K;
[1.988s]       |            [01;35m[K~~~~~^~~~~~~~~~~~~~~~~~~~~~~~~~~~~~~~~~~~~~~~~~~~~~~~~~~~~~~~~[m[K
[1.988s] In file included from [01m[K/home/lzy/ros2/ros2_study/build/lqr_controller/include/lqr_controller_parameters.hpp:25[m[K,
[1.990s]                  from [01m[K/home/lzy/ros2/ros2_study/src/lqr_controller/include/lqr_controller/lqr_controller.hpp:28[m[K,
[1.990s]                  from [01m[K/home/lzy/ros2/ros2_study/src/lqr_controller/src/lqr_controller.cpp:20[m[K:
[1.990s] [01m[K/opt/ros/humble/include/parameter_traits/parameter_traits/parameter_traits.hpp:46:1:[m[K [01;36m[Knote: [m[Kdeclared here
[1.990s]    46 | [01;36m[KERROR[m[K(const std::string& format, Args... args)
[1.990s]       | [01;36m[K^~~~~[m[K
[1.990s] In file included from [01m[K/home/lzy/ros2/ros2_study/build/lqr_controller/include/lqr_controller_parameters.hpp:31[m[K,
[1.990s]                  from [01m[K/home/lzy/ros2/ros2_study/src/lqr_controller/include/lqr_controller/lqr_controller.hpp:28[m[K,
[1.990s]                  from [01m[K/home/lzy/ros2/ros2_study/src/lqr_controller/src/lqr_controller.cpp:20[m[K:
[1.990s] [01m[K/home/lzy/ros2/ros2_study/build/lqr_controller/include/validate_lqr_controller_parameters.hpp:38:10:[m[K [01;35m[Kwarning: [m[Kâ€˜[01m[Kparameter_traits::OK[m[Kâ€™ is deprecated: When returning tl::expected<void, std::string> default construct for OK with `{}`. [[01;35m[K]8;;https://gcc.gnu.org/onlinedocs/gcc/Warning-Options.html#index-Wdeprecated-declarations-Wdeprecated-declarations]8;;[m[K]
[1.990s]    38 |   return [01;35m[KOK[m[K;
[1.990s]       |          [01;35m[K^~[m[K
[1.990s] In file included from [01m[K/home/lzy/ros2/ros2_study/build/lqr_controller/include/lqr_controller_parameters.hpp:25[m[K,
[1.990s]                  from [01m[K/home/lzy/ros2/ros2_study/src/lqr_controller/include/lqr_controller/lqr_controller.hpp:28[m[K,
[1.990s]                  from [01m[K/home/lzy/ros2/ros2_study/src/lqr_controller/src/lqr_controller.cpp:20[m[K:
[1.990s] [01m[K/opt/ros/humble/include/parameter_traits/parameter_traits/parameter_traits.hpp:51:13:[m[K [01;36m[Knote: [m[Kdeclared here
[1.990s]    51 | auto static [01;36m[KOK[m[K
[1.990s]       |             [01;36m[K^~[m[K
[2.001s] In file included from [01m[K/home/lzy/ros2/ros2_study/src/lqr_controller/include/lqr_controller/lqr_controller.hpp:32[m[K,
[2.001s]                  from [01m[K/home/lzy/ros2/ros2_study/src/lqr_controller/src/lqr_controller.cpp:20[m[K:
[2.002s] [01m[K/opt/ros/humble/include/realtime_tools/realtime_tools/realtime_buffer.h:[m[K At global scope:
[2.002s] [01m[K/opt/ros/humble/include/realtime_tools/realtime_tools/realtime_buffer.h:22:100:[m[K [01;36m[Knote: [m[Kâ€˜[01m[K#pragma message: This header include is deprecated. Please update your code to use 'realtime_buffer.hpp' header.[m[Kâ€™
[2.002s]    22 |   "This header include is deprecated. Please update your code to use 'realtime_buffer.hpp' header."[01;36m[K)[m[K  //NOLINT
[2.002s]       |                                                                                                    [01;36m[K^[m[K
[2.003s] In file included from [01m[K/home/lzy/ros2/ros2_study/src/lqr_controller/include/lqr_controller/lqr_controller.hpp:33[m[K,
[2.003s]                  from [01m[K/home/lzy/ros2/ros2_study/src/lqr_controller/src/lqr_controller.cpp:20[m[K:
[2.003s] [01m[K/opt/ros/humble/include/realtime_tools/realtime_tools/realtime_publisher.h:22:103:[m[K [01;36m[Knote: [m[Kâ€˜[01m[K#pragma message: This header include is deprecated. Please update your code to use 'realtime_publisher.hpp' header.[m[Kâ€™
[2.003s]    22 |   "This header include is deprecated. Please update your code to use 'realtime_publisher.hpp' header."[01;36m[K)[m[K  //NOLINT
[2.003s]       |                                                                                                       [01;36m[K^[m[K
[2.183s] [01m[K/home/lzy/ros2/ros2_study/src/lqr_controller/src/lqr_controller.cpp:79:6:[m[K [01;31m[Kerror: [m[Kfound â€˜[01m[K:[m[Kâ€™ in nested-name-specifier, expected â€˜[01m[K::[m[Kâ€™
[2.183s]    79 | https[01;31m[K:[m[K//github.com/ziyuliu66/ros2_study.git
[2.183s]       |      [01;31m[K^[m[K
[2.183s]       |      [32m[K::[m[K
[2.183s] [01m[K/home/lzy/ros2/ros2_study/src/lqr_controller/src/lqr_controller.cpp:79:1:[m[K [01;31m[Kerror: [m[Kâ€˜[01m[Khttps[m[Kâ€™ does not name a type
[2.183s]    79 | [01;31m[Khttps[m[K://github.com/ziyuliu66/ros2_study.git
[2.183s]       | [01;31m[K^~~~~[m[K
[2.191s] [01m[K/home/lzy/ros2/ros2_study/src/lqr_controller/src/lqr_controller.cpp:[m[K In member function â€˜[01m[Kvirtual controller_interface::return_type lqr_controller::LqrController::update(const rclcpp::Time&, const rclcpp::Duration&)[m[Kâ€™:
[2.191s] [01m[K/home/lzy/ros2/ros2_study/src/lqr_controller/src/lqr_controller.cpp:278:8:[m[K [01;35m[Kwarning: [m[Kunused variable â€˜[01m[Kcurrent_ref[m[Kâ€™ [[01;35m[K]8;;https://gcc.gnu.org/onlinedocs/gcc/Warning-Options.html#index-Wunused-variable-Wunused-variable]8;;[m[K]
[2.191s]   278 |   auto [01;35m[Kcurrent_ref[m[K = input_ref_.readFromRT();
[2.191s]       |        [01;35m[K^~~~~~~~~~~[m[K
[2.191s] [01m[K/home/lzy/ros2/ros2_study/src/lqr_controller/src/lqr_controller.cpp:276:24:[m[K [01;35m[Kwarning: [m[Kunused parameter â€˜[01m[Ktime[m[Kâ€™ [[01;35m[K]8;;https://gcc.gnu.org/onlinedocs/gcc/Warning-Options.html#index-Wunused-parameter-Wunused-parameter]8;;[m[K]
[2.191s]   276 |   [01;35m[Kconst rclcpp::Time & time[m[K, const rclcpp::Duration & /*period*/)
[2.191s]       |   [01;35m[K~~~~~~~~~~~~~~~~~~~~~^~~~[m[K
[2.709s] gmake[2]: *** [CMakeFiles/lqr_controller.dir/build.make:76ï¼šCMakeFiles/lqr_controller.dir/src/lqr_controller.cpp.o] é”™è¯¯ 1
[2.709s] gmake[1]: *** [CMakeFiles/Makefile2:165ï¼šCMakeFiles/lqr_controller.dir/all] é”™è¯¯ 2
[2.709s] gmake: *** [Makefile:146ï¼šall] é”™è¯¯ 2
[2.714s] Invoked command in '/home/lzy/ros2/ros2_study/build/lqr_controller' returned '2': AMENT_PREFIX_PATH=/home/lzy/ros2/ros2_study/install/robot_state_pub_interface:${AMENT_PREFIX_PATH} CMAKE_PREFIX_PATH=/home/lzy/ros2/ros2_study/install/robot_state_pub_interface:/opt/ros/humble LD_LIBRARY_PATH=/home/lzy/ros2/ros2_study/install/robot_state_pub_interface/lib:${LD_LIBRARY_PATH} PYTHONPATH=/home/lzy/ros2/ros2_study/install/robot_state_pub_interface/local/lib/python3.10/dist-packages:${PYTHONPATH} /usr/bin/cmake --build /home/lzy/ros2/ros2_study/build/lqr_controller -- -j4 -l4
